<?xml version="1.0" encoding="UTF-8"?>
<!-- Generated by org.testng.reporters.JUnitReportReporter -->
<testsuite skipped="0" hostname="Shree" name="storePageObjects.NewTest" tests="1" failures="0" timestamp="09 Jan 2019 08:34:03 GMT" time="13.396" errors="0">
  <testcase name="f" time="13.396" classname="storePageObjects.NewTest"/>
</testsuite> <!-- storePageObjects.NewTest -->
