<?xml version="1.0" encoding="UTF-8"?>
<!-- Generated by org.testng.reporters.JUnitReportReporter -->
<testsuite skipped="0" hostname="Shree" name="storePageObjects.HomePage" tests="1" failures="0" timestamp="09 Jan 2019 07:35:25 GMT" time="0.015" errors="0">
  <testcase name="test1" time="0.015" classname="storePageObjects.HomePage"/>
</testsuite> <!-- storePageObjects.HomePage -->
