<?xml version="1.0" encoding="UTF-8"?>
<!-- Generated by org.testng.reporters.JUnitReportReporter -->
<testsuite skipped="1" hostname="Shree" name="storePageObjects.TestRegister" tests="1" failures="0" timestamp="11 Jan 2019 11:30:29 GMT" time="0.000" errors="0">
  <testcase name="registration" time="0.000" classname="storePageObjects.TestRegister">
    <skipped/>
  </testcase> <!-- registration -->
</testsuite> <!-- storePageObjects.TestRegister -->
